[debug] ----------------------------------------------------------------------
[debug] Command:      C:\Program Files\nodejs\node.exe C:\Users\josep\AppData\Roaming\npm\node_modules\firebase-tools\bin\firebase deploy
[debug] CLI Version:  3.9.0
[debug] Platform:     win32
[debug] Node Version: v8.0.0
[debug] Time:         Wed May 31 2017 11:46:26 GMT-0500 (Central Daylight Time)
[debug] ----------------------------------------------------------------------
[debug] 
[debug] > command requires scopes: ["email","openid","https://www.googleapis.com/auth/cloudplatformprojects.readonly","https://www.googleapis.com/auth/firebase","https://www.googleapis.com/auth/cloud-platform"]
[debug] >>> HTTP REQUEST GET https://admin.firebase.com/v1/projects/pt-nerve  
 Wed May 31 2017 11:46:26 GMT-0500 (Central Daylight Time)
[debug] <<< HTTP RESPONSE 200
[debug] >>> HTTP REQUEST GET https://admin.firebase.com/v1/database/pt-nerve/tokens  
 Wed May 31 2017 11:46:27 GMT-0500 (Central Daylight Time)
[debug] <<< HTTP RESPONSE 200
[info] 
[info] === Deploying to 'pt-nerve'...
[info] 
[info] i  deploying database, functions, hosting
[info] +  database: rules ready to deploy.
[debug] > [functions] package.json contents: {
  "name": "email-contact-submit",
  "description": "Email Contact Form Submission",
  "dependencies": {
    "firebase-admin": "~5.0.0",
    "firebase-functions": "^0.5.7",
    "nodemailer": "^4.0.1"
  },
  "private": true
}
[info] i  functions: ensuring necessary APIs are enabled...
[info] i  runtimeconfig: ensuring necessary APIs are enabled...
[debug] >>> HTTP REQUEST GET https://servicemanagement.googleapis.com/v1/services/cloudfunctions.googleapis.com/projectSettings/pt-nerve?view=CONSUMER_VIEW  
 Wed May 31 2017 11:46:28 GMT-0500 (Central Daylight Time)
[debug] >>> HTTP REQUEST GET https://servicemanagement.googleapis.com/v1/services/runtimeconfig.googleapis.com/projectSettings/pt-nerve?view=CONSUMER_VIEW  
 Wed May 31 2017 11:46:28 GMT-0500 (Central Daylight Time)
[debug] <<< HTTP RESPONSE 200
[info] +  runtimeconfig: all necessary APIs are enabled
[debug] <<< HTTP RESPONSE 200
[info] +  functions: all necessary APIs are enabled
[debug] >>> HTTP REQUEST GET https://appengine.googleapis.com/v1/apps/pt-nerve  
 Wed May 31 2017 11:46:29 GMT-0500 (Central Daylight Time)
[debug] >>> HTTP REQUEST GET https://apikeys.googleapis.com/v1/projects/pt-nerve/apiKeys  
 Wed May 31 2017 11:46:29 GMT-0500 (Central Daylight Time)
[debug] <<< HTTP RESPONSE 200
[debug] <<< HTTP RESPONSE 200
[info] i  functions: preparing functions directory for uploading...
[debug] >>> HTTP REQUEST GET https://runtimeconfig.googleapis.com/v1beta1/projects/pt-nerve/configs  
 Wed May 31 2017 11:46:32 GMT-0500 (Central Daylight Time)
[debug] <<< HTTP RESPONSE 200
[debug] >>> HTTP REQUEST GET https://runtimeconfig.googleapis.com/v1beta1/projects/pt-nerve/configs/gmail/variables  
 Wed May 31 2017 11:46:33 GMT-0500 (Central Daylight Time)
[debug] <<< HTTP RESPONSE 200
[debug] >>> HTTP REQUEST GET https://runtimeconfig.googleapis.com/v1beta1/projects/pt-nerve/configs/gmail/variables/email  
 Wed May 31 2017 11:46:33 GMT-0500 (Central Daylight Time)
[debug] >>> HTTP REQUEST GET https://runtimeconfig.googleapis.com/v1beta1/projects/pt-nerve/configs/gmail/variables/password  
 Wed May 31 2017 11:46:33 GMT-0500 (Central Daylight Time)
[debug] <<< HTTP RESPONSE 200
[debug] <<< HTTP RESPONSE 200
[debug] > [functions] runtime config materialized as: {
  "gmail": {
    "email": "josephmgrotto@gmail.com",
    "password": "MrGrotts11"
  },
  "firebase": {
    "databaseURL": "https://pt-nerve.firebaseio.com",
    "storageBucket": "pt-nerve.appspot.com",
    "apiKey": "AIzaSyCjx33kYAHSErP_jJOAMdhu6GKD_znd3dM",
    "authDomain": "pt-nerve.firebaseapp.com"
  }
}
[debug] TypeError: Cannot read property 'pipesCount' of undefined
    at module.exports.Readable.pipe (_stream_readable.js:545:16)
    at module.exports.ZipArchiveOutputStream._smartStream (C:\Users\josep\AppData\Roaming\npm\node_modules\firebase-tools\node_modules\compress-commons\lib\archivers\zip\zip-archive-output-stream.js:171:11)
    at module.exports.ZipArchiveOutputStream._appendStream (C:\Users\josep\AppData\Roaming\npm\node_modules\firebase-tools\node_modules\compress-commons\lib\archivers\zip\zip-archive-output-stream.js:94:20)
    at module.exports.ArchiveOutputStream.entry (C:\Users\josep\AppData\Roaming\npm\node_modules\firebase-tools\node_modules\compress-commons\lib\archivers\archive-output-stream.js:89:10)
    at module.exports.ZipStream.entry (C:\Users\josep\AppData\Roaming\npm\node_modules\firebase-tools\node_modules\zip-stream\lib\zip-stream.js:105:49)
    at module.exports.Zip.append (C:\Users\josep\AppData\Roaming\npm\node_modules\firebase-tools\node_modules\archiver\lib\plugins\zip.js:30:15)
    at module.exports.Archiver._moduleAppend (C:\Users\josep\AppData\Roaming\npm\node_modules\firebase-tools\node_modules\archiver\lib\core.js:123:16)
    at module.exports.Archiver._onQueueTask (C:\Users\josep\AppData\Roaming\npm\node_modules\firebase-tools\node_modules\archiver\lib\core.js:246:8)
    at C:\Users\josep\AppData\Roaming\npm\node_modules\firebase-tools\node_modules\archiver\node_modules\async\lib\async.js:945:13
    at Immediate.process [as _onImmediate] (C:\Users\josep\AppData\Roaming\npm\node_modules\firebase-tools\node_modules\archiver\node_modules\async\lib\async.js:913:25)
[error] 
[error] Error: An unexpected error has occurred.
